Determining if the pthread_create exist failed with the following output:
Change Dir: /home/gustavo/open-2015/autobotz_ws/build/CMakeFiles/CMakeTmp

Run Build Command:/usr/bin/make "cmTryCompileExec1443882460/fast"
/usr/bin/make -f CMakeFiles/cmTryCompileExec1443882460.dir/build.make CMakeFiles/cmTryCompileExec1443882460.dir/build
make[1]: Entering directory `/home/gustavo/open-2015/autobotz_ws/build/CMakeFiles/CMakeTmp'
/usr/bin/cmake -E cmake_progress_report /home/gustavo/open-2015/autobotz_ws/build/CMakeFiles/CMakeTmp/CMakeFiles 1
Building C object CMakeFiles/cmTryCompileExec1443882460.dir/CheckSymbolExists.c.o
/usr/bin/cc    -o CMakeFiles/cmTryCompileExec1443882460.dir/CheckSymbolExists.c.o   -c /home/gustavo/open-2015/autobotz_ws/build/CMakeFiles/CMakeTmp/CheckSymbolExists.c
Linking C executable cmTryCompileExec1443882460
/usr/bin/cmake -E cmake_link_script CMakeFiles/cmTryCompileExec1443882460.dir/link.txt --verbose=1
/usr/bin/cc       CMakeFiles/cmTryCompileExec1443882460.dir/CheckSymbolExists.c.o  -o cmTryCompileExec1443882460 -rdynamic 
CMakeFiles/cmTryCompileExec1443882460.dir/CheckSymbolExists.c.o: In function `main':
CheckSymbolExists.c:(.text+0x16): undefined reference to `pthread_create'
collect2: error: ld returned 1 exit status
make[1]: *** [cmTryCompileExec1443882460] Error 1
make[1]: Leaving directory `/home/gustavo/open-2015/autobotz_ws/build/CMakeFiles/CMakeTmp'
make: *** [cmTryCompileExec1443882460/fast] Error 2

File /home/gustavo/open-2015/autobotz_ws/build/CMakeFiles/CMakeTmp/CheckSymbolExists.c:
/* */
#include <pthread.h>

int main(int argc, char** argv)
{
  (void)argv;
#ifndef pthread_create
  return ((int*)(&pthread_create))[argc];
#else
  (void)argc;
  return 0;
#endif
}

Determining if the function pthread_create exists in the pthreads failed with the following output:
Change Dir: /home/gustavo/open-2015/autobotz_ws/build/CMakeFiles/CMakeTmp

Run Build Command:/usr/bin/make "cmTryCompileExec2055791550/fast"
/usr/bin/make -f CMakeFiles/cmTryCompileExec2055791550.dir/build.make CMakeFiles/cmTryCompileExec2055791550.dir/build
make[1]: Entering directory `/home/gustavo/open-2015/autobotz_ws/build/CMakeFiles/CMakeTmp'
/usr/bin/cmake -E cmake_progress_report /home/gustavo/open-2015/autobotz_ws/build/CMakeFiles/CMakeTmp/CMakeFiles 1
Building C object CMakeFiles/cmTryCompileExec2055791550.dir/CheckFunctionExists.c.o
/usr/bin/cc   -DCHECK_FUNCTION_EXISTS=pthread_create   -o CMakeFiles/cmTryCompileExec2055791550.dir/CheckFunctionExists.c.o   -c /usr/share/cmake-2.8/Modules/CheckFunctionExists.c
Linking C executable cmTryCompileExec2055791550
/usr/bin/cmake -E cmake_link_script CMakeFiles/cmTryCompileExec2055791550.dir/link.txt --verbose=1
/usr/bin/cc   -DCHECK_FUNCTION_EXISTS=pthread_create    CMakeFiles/cmTryCompileExec2055791550.dir/CheckFunctionExists.c.o  -o cmTryCompileExec2055791550 -rdynamic -lpthreads 
/usr/bin/ld: cannot find -lpthreads
collect2: error: ld returned 1 exit status
make[1]: *** [cmTryCompileExec2055791550] Error 1
make[1]: Leaving directory `/home/gustavo/open-2015/autobotz_ws/build/CMakeFiles/CMakeTmp'
make: *** [cmTryCompileExec2055791550/fast] Error 2


